"../../../../../../Users/Vinay/Documents/Unreal Projects/FPSProject/Content/Blueprints/BP_FPSCharacter.uasset" 0
"../../../../../../Users/Vinay/Documents/Unreal Projects/FPSProject/Content/Blueprints/BP_FPSProjectGameModeBase.uasset" 1
"../../../Engine/Content/EngineMaterials/T_Default_Material_Grid_N.uasset" 2
"../../../Engine/Content/EngineMaterials/T_Default_Material_Grid_M.uasset" 3
"../../../Engine/Content/Functions/Engine_MaterialFunctions01/Opacity/CameraDepthFade.uasset" 4
"../../../Engine/Content/EngineMaterials/WorldGridMaterial.uasset" 5
"../../../Engine/Content/ArtTools/RenderToTexture/Meshes/S_1_Unit_Plane.uasset" 6
"../../../Engine/Content/EngineMaterials/DefaultMaterial.uasset" 7
"../../../Engine/Content/BasicShapes/Cone.uasset" 8
"../../../Engine/Content/BasicShapes/Plane.uasset" 9
"../../../Engine/Content/BasicShapes/Sphere.uasset" 10
"../../../Engine/Content/EditorLandscapeResources/DataLayer.uasset" 11
"../../../Engine/Content/EditorLandscapeResources/DefaultAlphaTexture.uasset" 12
"../../../Engine/Content/EditorMaterials/MAT_Groups_Toggle.uasset" 13
"../../../Engine/Content/EditorMaterials/MAT_Groups_Visibility.uasset" 14
"../../../Engine/Content/EditorMaterials/PreviewShadowIndicator.uasset" 15
"../../../Engine/Content/EditorMaterials/PreviewShadowIndicatorMaterial.uasset" 16
"../../../Engine/Content/EditorMaterials/MatineeGroups/MAT_ColorTrack.uasset" 17
"../../../Engine/Content/EditorMaterials/MatineeGroups/MAT_Groups_Anim.uasset" 18
"../../../Engine/Content/EditorMaterials/MatineeGroups/MAT_Groups_AudioMaster.uasset" 19
"../../../Engine/Content/EditorMaterials/MatineeGroups/MAT_Groups_Director.uasset" 20
"../../../Engine/Content/EditorMaterials/MatineeGroups/MAT_Groups_Event.uasset" 21
"../../../Engine/Content/EditorMaterials/MatineeGroups/MAT_Groups_Fade.uasset" 22
"../../../Engine/Content/EditorMaterials/MatineeGroups/MAT_Groups_Float.uasset" 23
"../../../Engine/Content/EditorMaterials/MatineeGroups/MAT_Groups_Move.uasset" 24
"../../../Engine/Content/EditorMaterials/MatineeGroups/MAT_Groups_Slomo.uasset" 25
"../../../Engine/Content/EditorMaterials/MatineeGroups/MAT_Groups_Sound.uasset" 26
"../../../Engine/Content/EditorMaterials/MatineeGroups/MAT_Groups_Vector.uasset" 27
"../../../Engine/Content/EditorMaterials/ParticleSystems/PSysThumbnail_NoImage.uasset" 28
"../../../Engine/Content/EditorMaterials/ParticleSystems/PSysThumbnail_OOD.uasset" 29
"../../../Engine/Content/EditorMaterials/Camera/CineMat.uasset" 30
"../../../Engine/Content/EditorMaterials/Camera/MI_CineMat_Rig.uasset" 31
"../../../Engine/Content/EditorMeshes/Camera/SM_CraneRig_Arm.uasset" 32
"../../../Engine/Content/EditorMeshes/Camera/SM_CraneRig_Base.uasset" 33
"../../../Engine/Content/EditorMeshes/Camera/SM_CraneRig_Body.uasset" 34
"../../../Engine/Content/EditorMeshes/Camera/SM_CraneRig_Mount.uasset" 35
"../../../Engine/Content/EditorMeshes/Camera/SM_RailRig_Mount.uasset" 36
"../../../Engine/Content/EditorMeshes/Camera/SM_RailRig_Track.uasset" 37
"../../../Engine/Content/EditorResources/BSPVertex.uasset" 38
"../../../Engine/Content/EditorResources/EmptyActor.uasset" 39
"../../../Engine/Content/EditorResources/S_Actor.uasset" 40
"../../../Engine/Content/EditorResources/S_Note.uasset" 41
"../../../Engine/Content/EditorResources/S_Solver.uasset" 42
"../../../Engine/Content/EditorResources/S_Terrain.uasset" 43
"../../../Engine/Content/EditorResources/S_Trigger.uasset" 44
"../../../Engine/Content/EditorResources/LightIcons/S_LightError.uasset" 45
"../../../Engine/Content/EditorResources/SequenceRecorder/Countdown.uasset" 46
"../../../Engine/Content/EditorResources/SequenceRecorder/RecordingIndicator.uasset" 47
"../../../Engine/Content/EngineDamageTypes/DmgTypeBP_Environmental.uasset" 48
"../../../Engine/Content/EngineDebugMaterials/DebugEditorMaterial.uasset" 49
"../../../Engine/Content/EngineDebugMaterials/DebugMeshMaterial.uasset" 50
"../../../Engine/Content/EngineDebugMaterials/M_SimpleUnlitTranslucent.uasset" 51
"../../../Engine/Content/EngineDebugMaterials/VolumeToRender.uasset" 52
"../../../Engine/Content/Functions/Engine_MaterialFunctions02/Utility/CameraDirectionVector.uasset" 53
"../../../Engine/Content/EngineDebugMaterials/M_VolumeRenderSphereTracePP.uasset" 54
"../../../Engine/Content/Functions/Engine_MaterialFunctions01/Shading/ConvertFromDiffSpec.uasset" 55
"../../../Engine/Content/EngineDebugMaterials/VertexColorMaterial.uasset" 56
"../../../Engine/Content/EngineDebugMaterials/WireframeMaterial.uasset" 57
"../../../Engine/Content/EngineFonts/Faces/RobotoRegular.uasset" 58
"../../../Engine/Content/EngineFonts/Faces/RobotoLight.uasset" 59
"../../../Engine/Content/EngineFonts/Faces/RobotoItalic.uasset" 60
"../../../Engine/Content/EngineFonts/Faces/RobotoBoldItalic.uasset" 61
"../../../Engine/Content/EngineFonts/Faces/RobotoBold.uasset" 62
"../../../Engine/Content/EngineFonts/Faces/DroidSansFallback.uasset" 63
"../../../Engine/Content/EngineFonts/Roboto.uasset" 64
"../../../Engine/Content/EngineMaterials/BaseFlattenNormalMap.uasset" 65
"../../../Engine/Content/EngineMaterials/BaseFlattenGrayscaleMap.uasset" 66
"../../../Engine/Content/EngineMaterials/BaseFlattenEmissiveMap.uasset" 67
"../../../Engine/Content/EngineMaterials/BaseFlattenDiffuseMap.uasset" 68
"../../../Engine/Content/EngineMaterials/BaseFlattenMaterial.uasset" 69
"../../../Engine/Content/EngineMaterials/BlueNoise.uasset" 70
"../../../Engine/Content/EngineMaterials/DefaultBloomKernel.uasset" 71
"../../../Engine/Content/EngineMaterials/DefaultBokeh.uasset" 72
"../../../Engine/Content/EngineMaterials/DefaultDiffuse.uasset" 73
"../../../Engine/Content/EngineMaterials/DefaultDeferredDecalMaterial.uasset" 74
"../../../Engine/Content/EngineMaterials/DefaultLightFunctionMaterial.uasset" 75
"../../../Engine/Content/EngineMaterials/DefaultPhysicalMaterial.uasset" 76
"../../../Engine/Content/Functions/Engine_MaterialFunctions02/Utility/BreakOutFloat2Components.uasset" 77
"../../../Engine/Content/EngineMaterials/DefaultPostProcessMaterial.uasset" 78
"../../../Engine/Content/EngineFonts/RobotoDistanceField.uasset" 79
"../../../Engine/Content/EngineMaterials/DefaultTextMaterialOpaque.uasset" 80
"../../../Engine/Content/EngineMaterials/DefaultWhiteGrid.uasset" 81
"../../../Engine/Content/EngineMaterials/DefaultWhiteGrid_Low.uasset" 82
"../../../Engine/Content/EngineMaterials/EmissiveMeshMaterial.uasset" 83
"../../../Engine/Content/EngineMaterials/GizmoMaterial.uasset" 84
"../../../Engine/Content/EngineMaterials/Good64x64TilingNoiseHighFreq.uasset" 85
"../../../Engine/Content/EngineMaterials/MiniFont.uasset" 86
"../../../Engine/Content/EngineMaterials/InvalidLightmapSettings.uasset" 87
"../../../Engine/Content/EngineMaterials/M_InvalidLightmapSettings.uasset" 88
"../../../Engine/Content/Functions/Engine_MaterialFunctions02/WorldPositionOffset/CameraOffset.uasset" 89
"../../../Engine/Content/EngineMaterials/PhAT_JointLimitMaterial.uasset" 90
"../../../Engine/Content/EngineMaterials/PreintegratedSkinBRDF.uasset" 91
"../../../Engine/Content/EngineMaterials/RemoveSurfaceMaterial.uasset" 92
"../../../Engine/Content/EngineMaterials/WeightMapPlaceholderTexture.uasset" 93
"../../../Engine/Content/EngineResources/WhiteSquareTexture.uasset" 94
"../../../Engine/Content/EngineMaterials/Widget3DPassThrough.uasset" 95
"../../../Engine/Content/EngineMaterials/Widget3DPassThrough_Masked.uasset" 96
"../../../Engine/Content/EngineMaterials/Widget3DPassThrough_Opaque.uasset" 97
"../../../Engine/Content/EngineMaterials/Widget3DPassThrough_Masked_OneSided.uasset" 98
"../../../Engine/Content/EngineMaterials/Widget3DPassThrough_Opaque_OneSided.uasset" 99
"../../../Engine/Content/EngineMaterials/Widget3DPassThrough_Translucent.uasset" 100
"../../../Engine/Content/EngineMaterials/Widget3DPassThrough_Translucent_OneSided.uasset" 101
"../../../Engine/Content/EngineMeshes/Cylinder.uasset" 102
"../../../Engine/Content/EngineMeshes/Sphere.uasset" 103
"../../../Engine/Content/EngineResources/Black.uasset" 104
"../../../Engine/Content/EngineResources/DefaultTextureCube.uasset" 105
"../../../Engine/Content/EngineResources/DefaultVolumeTexture2D.uasset" 106
"../../../Engine/Content/EngineResources/DefaultVolumeTexture.uasset" 107
"../../../Engine/Content/EngineResources/GradientTexture0.uasset" 108
"../../../Engine/Content/EngineSky/VolumetricClouds/T_NoiseShape64.uasset" 109
"../../../Engine/Content/EngineSky/VolumetricClouds/T_VolumeNoiseShape64.uasset" 110
"../../../Engine/Content/EngineSky/VolumetricClouds/T_NoiseErosion.uasset" 111
"../../../Engine/Content/EngineSky/VolumetricClouds/T_VolumeNoiseErosion32.uasset" 112
"../../../Engine/Content/EngineSky/VolumetricClouds/CloudWeatherTexture.uasset" 113
"../../../Engine/Content/EngineSky/VolumetricClouds/CloudGradientTexture.uasset" 114
"../../../Engine/Content/Functions/Engine_MaterialFunctions02/Utility/MakeFloat2.uasset" 115
"../../../Engine/Content/EngineSky/VolumetricClouds/m_SimpleVolumetricCloud.uasset" 116
"../../../Engine/Content/EngineSky/VolumetricClouds/m_SimpleVolumetricCloud_Inst.uasset" 117
"../../../Engine/Content/EngineSounds/Master.uasset" 118
"../../../Engine/Content/Functions/Engine_MaterialFunctions01/Shading/PowerToRoughness.uasset" 119
"../../../Engine/Content/Maps/Templates/Thumbnails/Default.uasset" 120
"../../../Engine/Content/Maps/Templates/Thumbnails/TimeOfDay.uasset" 121
"../../../Engine/Content/Maps/Templates/Thumbnails/VR-Basic.uasset" 122
"../../../Engine/Content/MobileResources/T_MobileControls_texture.uasset" 123
"../../../Engine/Content/MobileResources/T_MobileMenu2.uasset" 124
"../../../Engine/Content/MobileResources/HUD/AnalogHat.uasset" 125
"../../../Engine/Content/MobileResources/HUD/VirtualJoystick_Thumb.uasset" 126
"../../../Engine/Content/MobileResources/HUD/VirtualJoystick_Background.uasset" 127
"../../../Engine/Content/MobileResources/HUD/DefaultVirtualJoysticks.uasset" 128
"../../../Engine/Content/MobileResources/HUD/LeftVirtualJoystickOnly.uasset" 129
"../../../Engine/Content/MobileResources/HUD/MobileHUDButton1_off.uasset" 130
"../../../Engine/Content/MobileResources/HUD/MobileHUDButton1_on.uasset" 131
"../../../Engine/Content/MobileResources/HUD/MobileHUDButton2_off.uasset" 132
"../../../Engine/Content/MobileResources/HUD/MobileHUDButton2_on.uasset" 133
"../../../Engine/Content/MobileResources/HUD/MobileHUDButton3.uasset" 134
"../../../Engine/Content/MobileResources/HUD/MobileHUDButtonFire.uasset" 135
"../../../Engine/Content/MobileResources/HUD/MobileHUDDirectionPad.uasset" 136
"../../../Engine/Content/MobileResources/HUD/MobileHUDDirectionPad2.uasset" 137
"../../../Engine/Content/MobileResources/HUD/MobileHUDDirectionPad3.uasset" 138
"../../../Engine/Content/MobileResources/HUD/MobileHUDDirectionStick.uasset" 139
"../../../Engine/Content/MobileResources/HUD/T_Castle_ThumbstickInner.uasset" 140
"../../../Engine/Content/MobileResources/HUD/T_Castle_ThumbstickOutter.uasset" 141
"../../../Engine/Content/Tutorial/ContentIntroCurve.uasset" 142
"../../../Engine/Content/Tutorial/Basics/LevelEditorAttract.uasset" 143
"../../../Engine/Content/Tutorial/Basics/TutorialAssets/icon_tab_Levels_40x.uasset" 144
"../../../Engine/Content/Tutorial/Basics/LevelEditorOverview.uasset" 145
"../../../Engine/Content/VREditor/TransformGizmo/TranslucentTransformGizmoMaterial.uasset" 146
"../../../Engine/Content/VREditor/LaserPointer/VR_LaserPower_01.uasset" 147
"../../../Engine/Content/VREditor/TransformGizmo/TransformGizmoMaterial.uasset" 148
"../../../Engine/Content/VREditor/TransformGizmo/BoundingBoxCorner.uasset" 149
"../../../Engine/Content/VREditor/TransformGizmo/BoundingBoxEdge.uasset" 150
"../../../Engine/Content/VREditor/TransformGizmo/PlaneTranslationHandle.uasset" 151
"../../../Engine/Content/VREditor/TransformGizmo/Xray.uasset" 152
"../../../Engine/Content/VREditor/TransformGizmo/Main.uasset" 153
"../../../Engine/Content/VREditor/TransformGizmo/SM_Sequencer_Key.uasset" 154
"../../../Engine/Content/VREditor/TransformGizmo/SM_Sequencer_Node.uasset" 155
"../../Plugins/2D/Paper2D/Content/PlaceholderTextures/DummySpriteTexture.uasset" 156
"../../Plugins/2D/Paper2D/Content/DummySprite.uasset" 157
"../../Plugins/2D/Paper2D/Content/DefaultPaperTerrainMaterial.uasset" 158
"../../Plugins/2D/Paper2D/Content/DefaultSpriteMaterial.uasset" 159
"../../Plugins/2D/Paper2D/Content/MaskedUnlitSpriteMaterial.uasset" 160
"../../Plugins/2D/Paper2D/Content/OpaqueUnlitSpriteMaterial.uasset" 161
"../../../Engine/Content/Functions/Engine_MaterialFunctions02/Utility/BreakOutFloat3Components.uasset" 162
"../../Plugins/Editor/SpeedTreeImporter/Content/SpeedTree9/UnpackInteger3.uasset" 163
"../../Plugins/Editor/SpeedTreeImporter/Content/SpeedTree9/UnpackDirection.uasset" 164
"../../Plugins/Editor/SpeedTreeImporter/Content/SpeedTree9/game_wind_noise.uasset" 165
"../../../Engine/Content/Functions/Engine_MaterialFunctions02/SafeNormalize.uasset" 166
"../../Plugins/Editor/SpeedTreeImporter/Content/SpeedTree9/SpeedTreeWindMotion.uasset" 167
"../../Plugins/Editor/SpeedTreeImporter/Content/SpeedTree9/SpeedTreeBranchMotion.uasset" 168
"../../../Engine/Content/Functions/Engine_MaterialFunctions02/ObjectLocalBounds.uasset" 169
"../../../Engine/Content/Functions/Engine_MaterialFunctions02/UVs/BoundingBoxBased_0-1_UVW.uasset" 170
"../../Plugins/Editor/SpeedTreeImporter/Content/SpeedTree9/SpeedTreeWind.uasset" 171
"../../Plugins/Editor/SpeedTreeImporter/Content/SpeedTree9/SpeedTreeBillboard.uasset" 172
"../../../Engine/Content/EngineResources/DefaultTexture.uasset" 173
"../../Plugins/Editor/SpeedTreeImporter/Content/SpeedTree9/SpeedTreeBillboardMaster.uasset" 174
"../../Plugins/Editor/SpeedTreeImporter/Content/SpeedTree9/SpeedTreeCameraFacing.uasset" 175
"../../Plugins/Editor/SpeedTreeImporter/Content/SpeedTree9/SpeedTreeMaster.uasset" 176
"../../../Engine/Content/ArtTools/RenderToTexture/Materials/Debug/M_Emissive_Color.uasset" 177
"../../../Engine/Content/BasicShapes/Cylinder.uasset" 178
"../../Plugins/Lumin/MagicLeapPassableWorld/Content/MagicLeapARPinInfoActor.uasset" 179
"../../../Engine/Content/Functions/Engine_MaterialFunctions02/Utility/BreakOutFloat4Components.uasset" 180
"../../../Engine/Content/Functions/Engine_MaterialFunctions02/Utility/MakeFloat3.uasset" 181
"../../Plugins/Runtime/Oculus/OculusVR/Content/Materials/OculusMR_ChromaKey.uasset" 182
"../../Plugins/Runtime/Oculus/OculusVR/Content/Materials/OculusMR_OpaqueColoredMaterial.uasset" 183
"../../Plugins/Runtime/Oculus/OculusVR/Content/Materials/PokeAHoleMaterial.uasset" 184
"../../../../../../Users/Vinay/Documents/Unreal Projects/FPSProject/Content/OfficeScene/Textures/T_CliffCubemap.uasset" 185
"../../../Engine/Content/Functions/Engine_MaterialFunctions02/Fresnel_Function.uasset" 186
"../../../../../../Users/Vinay/Documents/Unreal Projects/FPSProject/Content/OfficeScene/Materials/M_Glass.uasset" 187
"../../../../../../Users/Vinay/Documents/Unreal Projects/FPSProject/Content/OfficeScene/Materials/MI_WindowGlass.uasset" 188
"../../../../../../Users/Vinay/Documents/Unreal Projects/FPSProject/Content/OfficeScene/Materials/M_metal.uasset" 189
"../../../../../../Users/Vinay/Documents/Unreal Projects/FPSProject/Content/OfficeScene/Meshes/SM_Window.uasset" 190
"../../../../../../Users/Vinay/Documents/Unreal Projects/FPSProject/Content/OfficeScene/Textures/T_VisitorChair_ORM.uasset" 191
"../../../../../../Users/Vinay/Documents/Unreal Projects/FPSProject/Content/OfficeScene/Textures/T_VisitorChair_N.uasset" 192
"../../../../../../Users/Vinay/Documents/Unreal Projects/FPSProject/Content/OfficeScene/Textures/T_VisitorChair_BC.uasset" 193
"../../../../../../Users/Vinay/Documents/Unreal Projects/FPSProject/Content/OfficeScene/Textures/T_Laptop_ORM.uasset" 194
"../../../../../../Users/Vinay/Documents/Unreal Projects/FPSProject/Content/OfficeScene/Textures/T_Laptop_N.uasset" 195
"../../../../../../Users/Vinay/Documents/Unreal Projects/FPSProject/Content/OfficeScene/Textures/T_Laptop_BC.uasset" 196
"../../../../../../Users/Vinay/Documents/Unreal Projects/FPSProject/Content/OfficeScene/Materials/M_Laptop.uasset" 197
"../../../../../../Users/Vinay/Documents/Unreal Projects/FPSProject/Content/OfficeScene/Materials/MI_VisitorChair.uasset" 198
"../../../../../../Users/Vinay/Documents/Unreal Projects/FPSProject/Content/OfficeScene/Meshes/SM_VisitorChair.uasset" 199
"../../../../../../Users/Vinay/Documents/Unreal Projects/FPSProject/Content/OfficeScene/Textures/T_Vase1_ORM.uasset" 200
"../../../../../../Users/Vinay/Documents/Unreal Projects/FPSProject/Content/OfficeScene/Textures/T_Vase1_N.uasset" 201
"../../../../../../Users/Vinay/Documents/Unreal Projects/FPSProject/Content/OfficeScene/Textures/T_Vase1_BC.uasset" 202
"../../../../../../Users/Vinay/Documents/Unreal Projects/FPSProject/Content/OfficeScene/Materials/MI_Vase1.uasset" 203
"../../../../../../Users/Vinay/Documents/Unreal Projects/FPSProject/Content/OfficeScene/Meshes/SM_Vase2.uasset" 204
"../../../../../../Users/Vinay/Documents/Unreal Projects/FPSProject/Content/OfficeScene/Textures/T_Vases_ORM.uasset" 205
"../../../../../../Users/Vinay/Documents/Unreal Projects/FPSProject/Content/OfficeScene/Textures/T_Vases_N.uasset" 206
"../../../../../../Users/Vinay/Documents/Unreal Projects/FPSProject/Content/OfficeScene/Textures/T_Vases_BC.uasset" 207
"../../../../../../Users/Vinay/Documents/Unreal Projects/FPSProject/Content/OfficeScene/Materials/MI_Vases.uasset" 208
"../../../../../../Users/Vinay/Documents/Unreal Projects/FPSProject/Content/OfficeScene/Meshes/SM_Vase1.uasset" 209
"../../../../../../Users/Vinay/Documents/Unreal Projects/FPSProject/Content/OfficeScene/Meshes/SM_Vase.uasset" 210
"../../../../../../Users/Vinay/Documents/Unreal Projects/FPSProject/Content/OfficeScene/Textures/T_SnakePlant_ORM.uasset" 211
"../../../../../../Users/Vinay/Documents/Unreal Projects/FPSProject/Content/OfficeScene/Textures/T_SnakePlant_N.uasset" 212
"../../../../../../Users/Vinay/Documents/Unreal Projects/FPSProject/Content/OfficeScene/Textures/T_SnakePlant_BC.uasset" 213
"../../../../../../Users/Vinay/Documents/Unreal Projects/FPSProject/Content/OfficeScene/Materials/MI_SnakePlant.uasset" 214
"../../../../../../Users/Vinay/Documents/Unreal Projects/FPSProject/Content/OfficeScene/Meshes/SM_SnakePlant.uasset" 215
"../../../../../../Users/Vinay/Documents/Unreal Projects/FPSProject/Content/OfficeScene/Textures/T_Printer_ORM.uasset" 216
"../../../../../../Users/Vinay/Documents/Unreal Projects/FPSProject/Content/OfficeScene/Textures/T_Printer_N.uasset" 217
"../../../../../../Users/Vinay/Documents/Unreal Projects/FPSProject/Content/OfficeScene/Textures/T_Printer_BC.uasset" 218
"../../../../../../Users/Vinay/Documents/Unreal Projects/FPSProject/Content/OfficeScene/Materials/MI_Printer.uasset" 219
"../../../../../../Users/Vinay/Documents/Unreal Projects/FPSProject/Content/OfficeScene/Meshes/SM_Printer.uasset" 220
"../../../../../../Users/Vinay/Documents/Unreal Projects/FPSProject/Content/OfficeScene/Textures/T_PlotterScreen_BC.uasset" 221
"../../../../../../Users/Vinay/Documents/Unreal Projects/FPSProject/Content/OfficeScene/Materials/M_PlotterScreen.uasset" 222
"../../../../../../Users/Vinay/Documents/Unreal Projects/FPSProject/Content/OfficeScene/Textures/T_Print_BC.uasset" 223
"../../../../../../Users/Vinay/Documents/Unreal Projects/FPSProject/Content/OfficeScene/Materials/M_PlotterPrint.uasset" 224
"../../../../../../Users/Vinay/Documents/Unreal Projects/FPSProject/Content/OfficeScene/Textures/T_Plotter_ORM.uasset" 225
"../../../../../../Users/Vinay/Documents/Unreal Projects/FPSProject/Content/OfficeScene/Textures/T_Plotter_N.uasset" 226
"../../../../../../Users/Vinay/Documents/Unreal Projects/FPSProject/Content/OfficeScene/Textures/T_Plotter_BC.uasset" 227
"../../../../../../Users/Vinay/Documents/Unreal Projects/FPSProject/Content/OfficeScene/Materials/M_Plotter.uasset" 228
"../../../../../../Users/Vinay/Documents/Unreal Projects/FPSProject/Content/OfficeScene/Meshes/SM_Plotter.uasset" 229
"../../../../../../Users/Vinay/Documents/Unreal Projects/FPSProject/Content/OfficeScene/Textures/T_PencilPot_ORM.uasset" 230
"../../../../../../Users/Vinay/Documents/Unreal Projects/FPSProject/Content/OfficeScene/Textures/T_PencilPot_N.uasset" 231
"../../../../../../Users/Vinay/Documents/Unreal Projects/FPSProject/Content/OfficeScene/Textures/T_PencilPot__BC.uasset" 232
"../../../../../../Users/Vinay/Documents/Unreal Projects/FPSProject/Content/OfficeScene/Materials/MI_PencilPot.uasset" 233
"../../../../../../Users/Vinay/Documents/Unreal Projects/FPSProject/Content/OfficeScene/Meshes/SM_PencilPot.uasset" 234
"../../../../../../Users/Vinay/Documents/Unreal Projects/FPSProject/Content/OfficeScene/Textures/T_Pencils_ORM.uasset" 235
"../../../../../../Users/Vinay/Documents/Unreal Projects/FPSProject/Content/OfficeScene/Textures/T_Pencils_N.uasset" 236
"../../../../../../Users/Vinay/Documents/Unreal Projects/FPSProject/Content/OfficeScene/Textures/T_Pencils_BC.uasset" 237
"../../../../../../Users/Vinay/Documents/Unreal Projects/FPSProject/Content/OfficeScene/Materials/MI_Pencils.uasset" 238
"../../../../../../Users/Vinay/Documents/Unreal Projects/FPSProject/Content/OfficeScene/Meshes/SM_Pencil.uasset" 239
"../../../../../../Users/Vinay/Documents/Unreal Projects/FPSProject/Content/OfficeScene/Textures/T_Picture_ORM.uasset" 240
"../../../../../../Users/Vinay/Documents/Unreal Projects/FPSProject/Content/OfficeScene/Textures/T_Picture_N.uasset" 241
"../../../../../../Users/Vinay/Documents/Unreal Projects/FPSProject/Content/OfficeScene/Textures/T_Picture_BC.uasset" 242
"../../../../../../Users/Vinay/Documents/Unreal Projects/FPSProject/Content/OfficeScene/Materials/MI_Photo.uasset" 243
"../../../../../../Users/Vinay/Documents/Unreal Projects/FPSProject/Content/OfficeScene/Meshes/SM_Painting.uasset" 244
"../../../../../../Users/Vinay/Documents/Unreal Projects/FPSProject/Content/OfficeScene/Textures/T_Notebook_ORM.uasset" 245
"../../../../../../Users/Vinay/Documents/Unreal Projects/FPSProject/Content/OfficeScene/Textures/T_Notebook_N.uasset" 246
"../../../../../../Users/Vinay/Documents/Unreal Projects/FPSProject/Content/OfficeScene/Textures/T_Notebook_BC.uasset" 247
"../../../../../../Users/Vinay/Documents/Unreal Projects/FPSProject/Content/OfficeScene/Materials/MI_Notebook.uasset" 248
"../../../../../../Users/Vinay/Documents/Unreal Projects/FPSProject/Content/OfficeScene/Meshes/SM_Notebook.uasset" 249
"../../../../../../Users/Vinay/Documents/Unreal Projects/FPSProject/Content/OfficeScene/Textures/T_Rubber_R.uasset" 250
"../../../../../../Users/Vinay/Documents/Unreal Projects/FPSProject/Content/OfficeScene/Textures/T_Rubber_N.uasset" 251
"../../../../../../Users/Vinay/Documents/Unreal Projects/FPSProject/Content/OfficeScene/Materials/M_Rubber.uasset" 252
"../../../../../../Users/Vinay/Documents/Unreal Projects/FPSProject/Content/OfficeScene/Materials/MI_MousepadRuber.uasset" 253
"../../../../../../Users/Vinay/Documents/Unreal Projects/FPSProject/Content/OfficeScene/Textures/T_Fabric_R.uasset" 254
"../../../../../../Users/Vinay/Documents/Unreal Projects/FPSProject/Content/OfficeScene/Textures/T_Fabric_N.uasset" 255
"../../../../../../Users/Vinay/Documents/Unreal Projects/FPSProject/Content/OfficeScene/Materials/M_Fabric.uasset" 256
"../../../../../../Users/Vinay/Documents/Unreal Projects/FPSProject/Content/OfficeScene/Materials/MI_MousepadFabric.uasset" 257
"../../../../../../Users/Vinay/Documents/Unreal Projects/FPSProject/Content/OfficeScene/Meshes/SM_Mousepad.uasset" 258
"../../../../../../Users/Vinay/Documents/Unreal Projects/FPSProject/Content/OfficeScene/Textures/T_Mouse_ORM.uasset" 259
"../../../../../../Users/Vinay/Documents/Unreal Projects/FPSProject/Content/OfficeScene/Textures/T_Mouse_BC.uasset" 260
"../../../../../../Users/Vinay/Documents/Unreal Projects/FPSProject/Content/OfficeScene/Textures/T_Mouse__N.uasset" 261
"../../../../../../Users/Vinay/Documents/Unreal Projects/FPSProject/Content/OfficeScene/Materials/MI_Mouse.uasset" 262
"../../../../../../Users/Vinay/Documents/Unreal Projects/FPSProject/Content/OfficeScene/Meshes/SM_Mouse.uasset" 263
"../../../../../../Users/Vinay/Documents/Unreal Projects/FPSProject/Content/OfficeScene/Textures/T_Monitor_ORM.uasset" 264
"../../../../../../Users/Vinay/Documents/Unreal Projects/FPSProject/Content/OfficeScene/Textures/T_Monitor_N.uasset" 265
"../../../../../../Users/Vinay/Documents/Unreal Projects/FPSProject/Content/OfficeScene/Textures/T_Monitor_BC.uasset" 266
"../../../../../../Users/Vinay/Documents/Unreal Projects/FPSProject/Content/OfficeScene/Materials/MI_Monitor.uasset" 267
"../../../../../../Users/Vinay/Documents/Unreal Projects/FPSProject/Content/OfficeScene/Meshes/SM_Monitor.uasset" 268
"../../../../../../Users/Vinay/Documents/Unreal Projects/FPSProject/Content/OfficeScene/Meshes/SM_Laptop.uasset" 269
"../../../../../../Users/Vinay/Documents/Unreal Projects/FPSProject/Content/OfficeScene/Textures/T_Keyboard_ORM.uasset" 270
"../../../../../../Users/Vinay/Documents/Unreal Projects/FPSProject/Content/OfficeScene/Textures/T_Keyboard_N.uasset" 271
"../../../../../../Users/Vinay/Documents/Unreal Projects/FPSProject/Content/OfficeScene/Textures/T_Keyboard_BC.uasset" 272
"../../../../../../Users/Vinay/Documents/Unreal Projects/FPSProject/Content/OfficeScene/Materials/MI_Keyboard.uasset" 273
"../../../../../../Users/Vinay/Documents/Unreal Projects/FPSProject/Content/OfficeScene/Meshes/SM_Keyboard.uasset" 274
"../../../../../../Users/Vinay/Documents/Unreal Projects/FPSProject/Content/OfficeScene/Textures/T_IndoorPlant_ORM.uasset" 275
"../../../../../../Users/Vinay/Documents/Unreal Projects/FPSProject/Content/OfficeScene/Textures/T_IndoorPlant_N.uasset" 276
"../../../../../../Users/Vinay/Documents/Unreal Projects/FPSProject/Content/OfficeScene/Textures/T_IndoorPlant_M.uasset" 277
"../../../../../../Users/Vinay/Documents/Unreal Projects/FPSProject/Content/OfficeScene/Textures/T_IndoorPlant_BC.uasset" 278
"../../../../../../Users/Vinay/Documents/Unreal Projects/FPSProject/Content/OfficeScene/Materials/M_IndoorPlant.uasset" 279
"../../../../../../Users/Vinay/Documents/Unreal Projects/FPSProject/Content/OfficeScene/Meshes/SM_IndoorPlant.uasset" 280
"../../../../../../Users/Vinay/Documents/Unreal Projects/FPSProject/Content/OfficeScene/Textures/T_Globe_ORM.uasset" 281
"../../../../../../Users/Vinay/Documents/Unreal Projects/FPSProject/Content/OfficeScene/Textures/T_Globe_N.uasset" 282
"../../../../../../Users/Vinay/Documents/Unreal Projects/FPSProject/Content/OfficeScene/Textures/T_Globe_BC.uasset" 283
"../../../../../../Users/Vinay/Documents/Unreal Projects/FPSProject/Content/OfficeScene/Materials/MI_Globe.uasset" 284
"../../../../../../Users/Vinay/Documents/Unreal Projects/FPSProject/Content/OfficeScene/Meshes/SM_Globe.uasset" 285
"../../../../../../Users/Vinay/Documents/Unreal Projects/FPSProject/Content/OfficeScene/Meshes/SM_FountainPen.uasset" 286
"../../../../../../Users/Vinay/Documents/Unreal Projects/FPSProject/Content/OfficeScene/Textures/T_FileFolder_ORM.uasset" 287
"../../../../../../Users/Vinay/Documents/Unreal Projects/FPSProject/Content/OfficeScene/Textures/T_FileFolder_N.uasset" 288
"../../../../../../Users/Vinay/Documents/Unreal Projects/FPSProject/Content/OfficeScene/Textures/T_FileFolder_BC.uasset" 289
"../../../../../../Users/Vinay/Documents/Unreal Projects/FPSProject/Content/OfficeScene/Materials/M_FileFolder.uasset" 290
"../../../../../../Users/Vinay/Documents/Unreal Projects/FPSProject/Content/OfficeScene/Meshes/SM_FileFolder.uasset" 291
"../../../../../../Users/Vinay/Documents/Unreal Projects/FPSProject/Content/OfficeScene/Textures/T_Melamine_R.uasset" 292
"../../../../../../Users/Vinay/Documents/Unreal Projects/FPSProject/Content/OfficeScene/Textures/T_Melamine_N.uasset" 293
"../../../../../../Users/Vinay/Documents/Unreal Projects/FPSProject/Content/OfficeScene/Materials/M_Melamine.uasset" 294
"../../../../../../Users/Vinay/Documents/Unreal Projects/FPSProject/Content/OfficeScene/Materials/MI_MelamineSecondColor.uasset" 295
"../../../../../../Users/Vinay/Documents/Unreal Projects/FPSProject/Content/OfficeScene/Materials/MI_MelamineWhite.uasset" 296
"../../../../../../Users/Vinay/Documents/Unreal Projects/FPSProject/Content/OfficeScene/Meshes/SM_ExecutiveDesk.uasset" 297
"../../../../../../Users/Vinay/Documents/Unreal Projects/FPSProject/Content/OfficeScene/Textures/T_ExecutiveChair_ORM.uasset" 298
"../../../../../../Users/Vinay/Documents/Unreal Projects/FPSProject/Content/OfficeScene/Textures/T_ExecutiveChair_N.uasset" 299
"../../../../../../Users/Vinay/Documents/Unreal Projects/FPSProject/Content/OfficeScene/Textures/T_ExecutiveChair_BC.uasset" 300
"../../../../../../Users/Vinay/Documents/Unreal Projects/FPSProject/Content/OfficeScene/Materials/MI_ExecutiveChairSeat.uasset" 301
"../../../../../../Users/Vinay/Documents/Unreal Projects/FPSProject/Content/OfficeScene/Materials/M_ExecutiveChairPlastic.uasset" 302
"../../../../../../Users/Vinay/Documents/Unreal Projects/FPSProject/Content/OfficeScene/Materials/M_ExecutiveChairMetal.uasset" 303
"../../../../../../Users/Vinay/Documents/Unreal Projects/FPSProject/Content/OfficeScene/Meshes/SM_ExecutiveChair.uasset" 304
"../../../../../../Users/Vinay/Documents/Unreal Projects/FPSProject/Content/OfficeScene/Meshes/SM_EraserPencil.uasset" 305
"../../../../../../Users/Vinay/Documents/Unreal Projects/FPSProject/Content/OfficeScene/Textures/T_EncyclopediaV2_ORM.uasset" 306
"../../../../../../Users/Vinay/Documents/Unreal Projects/FPSProject/Content/OfficeScene/Textures/T_EncyclopediaV2_N.uasset" 307
"../../../../../../Users/Vinay/Documents/Unreal Projects/FPSProject/Content/OfficeScene/Textures/T_EncyclopediaV2_BC.uasset" 308
"../../../../../../Users/Vinay/Documents/Unreal Projects/FPSProject/Content/OfficeScene/Materials/MI_EncyclopediaV2.uasset" 309
"../../../../../../Users/Vinay/Documents/Unreal Projects/FPSProject/Content/OfficeScene/Meshes/SM_EncyclopediaStackV2.uasset" 310
"../../../../../../Users/Vinay/Documents/Unreal Projects/FPSProject/Content/OfficeScene/Textures/T_Encyclopedia_ORM.uasset" 311
"../../../../../../Users/Vinay/Documents/Unreal Projects/FPSProject/Content/OfficeScene/Textures/T_Encyclopedia_N.uasset" 312
"../../../../../../Users/Vinay/Documents/Unreal Projects/FPSProject/Content/OfficeScene/Textures/T_Encyclopedia_BC.uasset" 313
"../../../../../../Users/Vinay/Documents/Unreal Projects/FPSProject/Content/OfficeScene/Materials/M_Encyclopedia.uasset" 314
"../../../../../../Users/Vinay/Documents/Unreal Projects/FPSProject/Content/OfficeScene/Meshes/SM_Encyclopedia.uasset" 315
"../../../../../../Users/Vinay/Documents/Unreal Projects/FPSProject/Content/OfficeScene/Materials/MI_DeskTrayMetal.uasset" 316
"../../../../../../Users/Vinay/Documents/Unreal Projects/FPSProject/Content/OfficeScene/Textures/T_Hole_N.uasset" 317
"../../../../../../Users/Vinay/Documents/Unreal Projects/FPSProject/Content/OfficeScene/Textures/T_Hole_M.uasset" 318
"../../../../../../Users/Vinay/Documents/Unreal Projects/FPSProject/Content/OfficeScene/Materials/M_DeskTrayHoles.uasset" 319
"../../../../../../Users/Vinay/Documents/Unreal Projects/FPSProject/Content/OfficeScene/Meshes/SM_DeskTray.uasset" 320
"../../../../../../Users/Vinay/Documents/Unreal Projects/FPSProject/Content/OfficeScene/Textures/T_DeskLamp_ORM.uasset" 321
"../../../../../../Users/Vinay/Documents/Unreal Projects/FPSProject/Content/OfficeScene/Textures/T_DeskLamp_N.uasset" 322
"../../../../../../Users/Vinay/Documents/Unreal Projects/FPSProject/Content/OfficeScene/Textures/T_DeskLamp_BC.uasset" 323
"../../../../../../Users/Vinay/Documents/Unreal Projects/FPSProject/Content/OfficeScene/Materials/MI_DeskLamp.uasset" 324
"../../../../../../Users/Vinay/Documents/Unreal Projects/FPSProject/Content/OfficeScene/Meshes/SM_DeskLamp.uasset" 325
"../../../../../../Users/Vinay/Documents/Unreal Projects/FPSProject/Content/OfficeScene/Textures/T_CeilingLamp_ORM.uasset" 326
"../../../../../../Users/Vinay/Documents/Unreal Projects/FPSProject/Content/OfficeScene/Textures/T_CeilingLamp_N.uasset" 327
"../../../../../../Users/Vinay/Documents/Unreal Projects/FPSProject/Content/OfficeScene/Textures/T_CeilingLamp_BC.uasset" 328
"../../../../../../Users/Vinay/Documents/Unreal Projects/FPSProject/Content/OfficeScene/Materials/MI_CeilingLamp.uasset" 329
"../../../../../../Users/Vinay/Documents/Unreal Projects/FPSProject/Content/OfficeScene/Meshes/SM_CeilingLamp.uasset" 330
"../../../../../../Users/Vinay/Documents/Unreal Projects/FPSProject/Content/OfficeScene/Meshes/SM_Cabinet.uasset" 331
"../../../../../../Users/Vinay/Documents/Unreal Projects/FPSProject/Content/OfficeScene/Textures/T_BookCover8_BC.uasset" 332
"../../../../../../Users/Vinay/Documents/Unreal Projects/FPSProject/Content/OfficeScene/Textures/T_Book3_ORM.uasset" 333
"../../../../../../Users/Vinay/Documents/Unreal Projects/FPSProject/Content/OfficeScene/Textures/T_Book3_N.uasset" 334
"../../../../../../Users/Vinay/Documents/Unreal Projects/FPSProject/Content/OfficeScene/Materials/MI_BookThird1.uasset" 335
"../../../../../../Users/Vinay/Documents/Unreal Projects/FPSProject/Content/OfficeScene/Meshes/SM_Book9.uasset" 336
"../../../../../../Users/Vinay/Documents/Unreal Projects/FPSProject/Content/OfficeScene/Meshes/SM_Book8.uasset" 337
"../../../../../../Users/Vinay/Documents/Unreal Projects/FPSProject/Content/OfficeScene/Textures/T_BookCover7_BC.uasset" 338
"../../../../../../Users/Vinay/Documents/Unreal Projects/FPSProject/Content/OfficeScene/Materials/MI_BookThird.uasset" 339
"../../../../../../Users/Vinay/Documents/Unreal Projects/FPSProject/Content/OfficeScene/Meshes/SM_Book7.uasset" 340
"../../../../../../Users/Vinay/Documents/Unreal Projects/FPSProject/Content/OfficeScene/Textures/T_BookCover6_BC.uasset" 341
"../../../../../../Users/Vinay/Documents/Unreal Projects/FPSProject/Content/OfficeScene/Textures/T_Book_ORM.uasset" 342
"../../../../../../Users/Vinay/Documents/Unreal Projects/FPSProject/Content/OfficeScene/Textures/T_Book_N.uasset" 343
"../../../../../../Users/Vinay/Documents/Unreal Projects/FPSProject/Content/OfficeScene/Materials/MI_BookSecond3.uasset" 344
"../../../../../../Users/Vinay/Documents/Unreal Projects/FPSProject/Content/OfficeScene/Meshes/SM_Book6.uasset" 345
"../../../../../../Users/Vinay/Documents/Unreal Projects/FPSProject/Content/OfficeScene/Textures/T_BookCover5_BC.uasset" 346
"../../../../../../Users/Vinay/Documents/Unreal Projects/FPSProject/Content/OfficeScene/Materials/MI_BookSecond2.uasset" 347
"../../../../../../Users/Vinay/Documents/Unreal Projects/FPSProject/Content/OfficeScene/Meshes/SM_Book5.uasset" 348
"../../../../../../Users/Vinay/Documents/Unreal Projects/FPSProject/Content/OfficeScene/Textures/T_BookCover4_BC.uasset" 349
"../../../../../../Users/Vinay/Documents/Unreal Projects/FPSProject/Content/OfficeScene/Materials/MI_BookSecond1.uasset" 350
"../../../../../../Users/Vinay/Documents/Unreal Projects/FPSProject/Content/OfficeScene/Meshes/SM_Book4.uasset" 351
"../../../../../../Users/Vinay/Documents/Unreal Projects/FPSProject/Content/OfficeScene/Textures/T_BookCover3_BC.uasset" 352
"../../../../../../Users/Vinay/Documents/Unreal Projects/FPSProject/Content/OfficeScene/Materials/MI_BookSecond.uasset" 353
"../../../../../../Users/Vinay/Documents/Unreal Projects/FPSProject/Content/OfficeScene/Meshes/SM_Book3.uasset" 354
"../../../../../../Users/Vinay/Documents/Unreal Projects/FPSProject/Content/OfficeScene/Textures/T_BookCover2_BC.uasset" 355
"../../../../../../Users/Vinay/Documents/Unreal Projects/FPSProject/Content/OfficeScene/Materials/MI_Book2.uasset" 356
"../../../../../../Users/Vinay/Documents/Unreal Projects/FPSProject/Content/OfficeScene/Meshes/SM_Book2.uasset" 357
"../../../../../../Users/Vinay/Documents/Unreal Projects/FPSProject/Content/OfficeScene/Textures/T_BookCover9_BC.uasset" 358
"../../../../../../Users/Vinay/Documents/Unreal Projects/FPSProject/Content/OfficeScene/Materials/MI_BookThird2.uasset" 359
"../../../../../../Users/Vinay/Documents/Unreal Projects/FPSProject/Content/OfficeScene/Meshes/SM_Book12.uasset" 360
"../../../../../../Users/Vinay/Documents/Unreal Projects/FPSProject/Content/OfficeScene/Meshes/SM_Book11.uasset" 361
"../../../../../../Users/Vinay/Documents/Unreal Projects/FPSProject/Content/OfficeScene/Meshes/SM_Book10.uasset" 362
"../../../../../../Users/Vinay/Documents/Unreal Projects/FPSProject/Content/OfficeScene/Textures/T_BookCover1_BC.uasset" 363
"../../../../../../Users/Vinay/Documents/Unreal Projects/FPSProject/Content/OfficeScene/Materials/MI_Book1.uasset" 364
"../../../../../../Users/Vinay/Documents/Unreal Projects/FPSProject/Content/OfficeScene/Meshes/SM_Book1.uasset" 365
"../../../../../../Users/Vinay/Documents/Unreal Projects/FPSProject/Content/OfficeScene/Textures/T_BookCover_BC.uasset" 366
"../../../../../../Users/Vinay/Documents/Unreal Projects/FPSProject/Content/OfficeScene/Materials/MI_Book.uasset" 367
"../../../../../../Users/Vinay/Documents/Unreal Projects/FPSProject/Content/OfficeScene/Meshes/SM_Book.uasset" 368
"../../../../../../Users/Vinay/Documents/Unreal Projects/FPSProject/Content/OfficeScene/Textures/T_BirdsNestPlant_ORM.uasset" 369
"../../../../../../Users/Vinay/Documents/Unreal Projects/FPSProject/Content/OfficeScene/Textures/T_BirdsNestPlant_N.uasset" 370
"../../../../../../Users/Vinay/Documents/Unreal Projects/FPSProject/Content/OfficeScene/Textures/T_BirdsNestPlant_BC.uasset" 371
"../../../../../../Users/Vinay/Documents/Unreal Projects/FPSProject/Content/OfficeScene/Materials/MI_BirdsNestPlant.uasset" 372
"../../../../../../Users/Vinay/Documents/Unreal Projects/FPSProject/Content/OfficeScene/Meshes/SM_BirdsNestPlant.uasset" 373
"../../../../../../Users/Vinay/Documents/Unreal Projects/FPSProject/Content/OfficeScene/Textures/T_BambooPot_ORM.uasset" 374
"../../../../../../Users/Vinay/Documents/Unreal Projects/FPSProject/Content/OfficeScene/Textures/T_BambooPot_N.uasset" 375
"../../../../../../Users/Vinay/Documents/Unreal Projects/FPSProject/Content/OfficeScene/Textures/T_BambooPot_BC.uasset" 376
"../../../../../../Users/Vinay/Documents/Unreal Projects/FPSProject/Content/OfficeScene/Materials/MI_BambooPot.uasset" 377
"../../../../../../Users/Vinay/Documents/Unreal Projects/FPSProject/Content/OfficeScene/Meshes/SM_BambooPot.uasset" 378
"../../../../../../Users/Vinay/Documents/Unreal Projects/FPSProject/Content/OfficeScene/Textures/T_Wall_R.uasset" 379
"../../../../../../Users/Vinay/Documents/Unreal Projects/FPSProject/Content/OfficeScene/Materials/M_Wall1.uasset" 380
"../../../../../../Users/Vinay/Documents/Unreal Projects/FPSProject/Content/OfficeScene/Textures/T_WallDraw_M.uasset" 381
"../../../../../../Users/Vinay/Documents/Unreal Projects/FPSProject/Content/OfficeScene/Materials/M_Wall.uasset" 382
"../../../../../../Users/Vinay/Documents/Unreal Projects/FPSProject/Content/OfficeScene/Meshes/Room/SM_ShowroomWalls.uasset" 383
"../../../../../../Users/Vinay/Documents/Unreal Projects/FPSProject/Content/OfficeScene/Textures/T_Floor_R.uasset" 384
"../../../../../../Users/Vinay/Documents/Unreal Projects/FPSProject/Content/OfficeScene/Textures/T_Floor_N.uasset" 385
"../../../../../../Users/Vinay/Documents/Unreal Projects/FPSProject/Content/OfficeScene/Textures/T_Floor_BC.uasset" 386
"../../../../../../Users/Vinay/Documents/Unreal Projects/FPSProject/Content/OfficeScene/Materials/M_Floor.uasset" 387
"../../../../../../Users/Vinay/Documents/Unreal Projects/FPSProject/Content/OfficeScene/Meshes/Room/SM_ShowroomFloor.uasset" 388
"../../../../../../Users/Vinay/Documents/Unreal Projects/FPSProject/Content/OfficeScene/Textures/T_Equi_BC.uasset" 389
"../../../../../../Users/Vinay/Documents/Unreal Projects/FPSProject/Content/OfficeScene/Materials/M_Enviroment.uasset" 390
"../../../../../../Users/Vinay/Documents/Unreal Projects/FPSProject/Content/OfficeScene/Meshes/Room/SM_EnviromentSphere.uasset" 391
"../../../Engine/Content/EngineSky/T_Sky_Stars.uasset" 392
"../../../Engine/Content/EngineSky/T_Sky_Clouds_M.uasset" 393
"../../../Engine/Content/EngineSky/T_Sky_Blue.uasset" 394
"../../../Engine/Content/BasicShapes/Cube.uasset" 395
"../../../Engine/Content/EngineSky/M_Sky_Panning_Clouds2.uasset" 396
"../../../Engine/Content/BasicShapes/BasicShapeMaterial.uasset" 397
"../../../../../../Users/Vinay/Documents/Unreal Projects/FPSProject/Content/Levels/OfficeScene/Maps/tests_BuiltData.uasset" 398
"../../../../../../Users/Vinay/Documents/Unreal Projects/FPSProject/Content/Levels/QTE/FailedQTE.uasset" 399
"../../../../../../Users/Vinay/Documents/Unreal Projects/FPSProject/Content/Levels/QTE/ButtonIconFull.uasset" 400
"../../../../../../Users/Vinay/Documents/Unreal Projects/FPSProject/Content/Levels/QTE/ButtonIconEmpty.uasset" 401
"../../../Engine/Content/EditorBlueprintResources/StandardMacros.uasset" 402
"../../../../../../Users/Vinay/Documents/Unreal Projects/FPSProject/Content/Levels/Dialogue/QTE_Microsoft_Sam_Success.uasset" 403
"../../../../../../Users/Vinay/Documents/Unreal Projects/FPSProject/Content/Levels/Dialogue/QTE_Microsoft_Sam_Failure.uasset" 404
"../../../../../../Users/Vinay/Documents/Unreal Projects/FPSProject/Content/Levels/QTE/QTE.uasset" 405
"../../../Engine/Content/MapTemplates/SM_Template_Map_Floor.uasset" 406
"../../../Engine/Content/EngineSky/SM_SkySphere.uasset" 407
"../../../Engine/Content/EngineSky/C_Sky_Zenith_Color.uasset" 408
"../../../Engine/Content/EngineSky/C_Sky_Horizon_Color.uasset" 409
"../../../Engine/Content/EngineSky/C_Sky_Cloud_Color.uasset" 410
"../../../Engine/Content/EngineSky/BP_Sky_Sphere.uasset" 411
"../../../../../../Users/Vinay/Documents/Unreal Projects/FPSProject/Content/Levels/Dialogue/Intro_audio.uasset" 412
"../../../../../../Users/Vinay/Documents/Unreal Projects/FPSProject/Content/Levels/Dialogue/HypeAudio1.uasset" 413
"../../../../../../Users/Vinay/Documents/Unreal Projects/FPSProject/Content/ControlRig/Mannequin/Character/Mesh/SK_Mannequin.uasset" 414
"../../../../../../Users/Vinay/Documents/Unreal Projects/FPSProject/Content/ControlRig/Mannequin/Character/Materials/MaterialLayers/T_ML_Rubber_Blue_01_N.uasset" 415
"../../../../../../Users/Vinay/Documents/Unreal Projects/FPSProject/Content/ControlRig/Mannequin/Character/Materials/MaterialLayers/T_ML_Rubber_Blue_01_D.uasset" 416
"../../../../../../Users/Vinay/Documents/Unreal Projects/FPSProject/Content/ControlRig/Mannequin/Character/Materials/MaterialLayers/T_ML_Rubber_Blue_01_Mat.uasset" 417
"../../../../../../Users/Vinay/Documents/Unreal Projects/FPSProject/Content/ControlRig/Mannequin/Character/Materials/MaterialLayers/T_ML_Aluminum01.uasset" 418
"../../../../../../Users/Vinay/Documents/Unreal Projects/FPSProject/Content/ControlRig/Mannequin/Character/Materials/MaterialLayers/T_ML_Aluminum01_Mat.uasset" 419
"../../../../../../Users/Vinay/Documents/Unreal Projects/FPSProject/Content/Levels/OfficeScene/Maps/tests.umap" 420
"../../../Engine/Content/Maps/Entry_BuiltData.uasset" 421
"../../../Engine/Content/Maps/Entry.umap" 422
